The system is: Darwin - 14.3.0 - i386
Compiling the C compiler identification source file "CMakeCCompilerId.c" succeeded.
Compiler: /usr/bin/cc 
Build flags: 
Id flags: 

The output was:
0


Compilation of the C compiler identification source "CMakeCCompilerId.c" produced "a.out"

The C compiler identification is Clang, found in "/Users/jonas/Documents/code/uni/computer_graphics/OpenGLFramework/cmake_out/CMakeFiles/2.8.12.2/CompilerIdC/a.out"

Compiling the CXX compiler identification source file "CMakeCXXCompilerId.cpp" succeeded.
Compiler: /usr/bin/c++ 
Build flags: 
Id flags: 

The output was:
0


Compilation of the CXX compiler identification source "CMakeCXXCompilerId.cpp" produced "a.out"

The CXX compiler identification is Clang, found in "/Users/jonas/Documents/code/uni/computer_graphics/OpenGLFramework/cmake_out/CMakeFiles/2.8.12.2/CompilerIdCXX/a.out"

Determining if the C compiler works passed with the following output:
Change Dir: /Users/jonas/Documents/code/uni/computer_graphics/OpenGLFramework/cmake_out/CMakeFiles/CMakeTmp

Run Build Command:/usr/bin/make "cmTryCompileExec3213434570/fast"
/Applications/Xcode.app/Contents/Developer/usr/bin/make -f CMakeFiles/cmTryCompileExec3213434570.dir/build.make CMakeFiles/cmTryCompileExec3213434570.dir/build
/usr/local/Cellar/cmake/2.8.12.2/bin/cmake -E cmake_progress_report /Users/jonas/Documents/code/uni/computer_graphics/OpenGLFramework/cmake_out/CMakeFiles/CMakeTmp/CMakeFiles 1
Building C object CMakeFiles/cmTryCompileExec3213434570.dir/testCCompiler.c.o
/usr/bin/cc    -o CMakeFiles/cmTryCompileExec3213434570.dir/testCCompiler.c.o   -c /Users/jonas/Documents/code/uni/computer_graphics/OpenGLFramework/cmake_out/CMakeFiles/CMakeTmp/testCCompiler.c
Linking C executable cmTryCompileExec3213434570
/usr/local/Cellar/cmake/2.8.12.2/bin/cmake -E cmake_link_script CMakeFiles/cmTryCompileExec3213434570.dir/link.txt --verbose=1
/usr/bin/cc    -Wl,-search_paths_first -Wl,-headerpad_max_install_names   CMakeFiles/cmTryCompileExec3213434570.dir/testCCompiler.c.o  -o cmTryCompileExec3213434570  


Detecting C compiler ABI info compiled with the following output:
Change Dir: /Users/jonas/Documents/code/uni/computer_graphics/OpenGLFramework/cmake_out/CMakeFiles/CMakeTmp

Run Build Command:/usr/bin/make "cmTryCompileExec950041539/fast"
/Applications/Xcode.app/Contents/Developer/usr/bin/make -f CMakeFiles/cmTryCompileExec950041539.dir/build.make CMakeFiles/cmTryCompileExec950041539.dir/build
/usr/local/Cellar/cmake/2.8.12.2/bin/cmake -E cmake_progress_report /Users/jonas/Documents/code/uni/computer_graphics/OpenGLFramework/cmake_out/CMakeFiles/CMakeTmp/CMakeFiles 1
Building C object CMakeFiles/cmTryCompileExec950041539.dir/CMakeCCompilerABI.c.o
/usr/bin/cc    -o CMakeFiles/cmTryCompileExec950041539.dir/CMakeCCompilerABI.c.o   -c /usr/local/Cellar/cmake/2.8.12.2/share/cmake/Modules/CMakeCCompilerABI.c
Linking C executable cmTryCompileExec950041539
/usr/local/Cellar/cmake/2.8.12.2/bin/cmake -E cmake_link_script CMakeFiles/cmTryCompileExec950041539.dir/link.txt --verbose=1
/usr/bin/cc    -Wl,-search_paths_first -Wl,-headerpad_max_install_names -v -Wl,-v CMakeFiles/cmTryCompileExec950041539.dir/CMakeCCompilerABI.c.o  -o cmTryCompileExec950041539   
Apple LLVM version 6.1.0 (clang-602.0.53) (based on LLVM 3.6.0svn)
Target: x86_64-apple-darwin14.3.0
Thread model: posix
 "/Applications/Xcode.app/Contents/Developer/Toolchains/XcodeDefault.xctoolchain/usr/bin/ld" -demangle -dynamic -arch x86_64 -macosx_version_min 10.10.0 -o cmTryCompileExec950041539 -search_paths_first -headerpad_max_install_names -v CMakeFiles/cmTryCompileExec950041539.dir/CMakeCCompilerABI.c.o -lSystem /Applications/Xcode.app/Contents/Developer/Toolchains/XcodeDefault.xctoolchain/usr/bin/../lib/clang/6.1.0/lib/darwin/libclang_rt.osx.a
@(#)PROGRAM:ld  PROJECT:ld64-242
configured to support archs: armv6 armv7 armv7s arm64 i386 x86_64 x86_64h armv6m armv7m armv7em
Library search paths:
	/usr/lib
	/usr/local/lib
Framework search paths:
	/Library/Frameworks/
	/System/Library/Frameworks/


Parsed C implicit link information from above output:
  link line regex: [^( *|.*[/\])(ld|([^/\]+-)?ld|collect2)[^/\]*( |$)]
  ignore line: [Change Dir: /Users/jonas/Documents/code/uni/computer_graphics/OpenGLFramework/cmake_out/CMakeFiles/CMakeTmp]
  ignore line: []
  ignore line: [Run Build Command:/usr/bin/make "cmTryCompileExec950041539/fast"]
  ignore line: [/Applications/Xcode.app/Contents/Developer/usr/bin/make -f CMakeFiles/cmTryCompileExec950041539.dir/build.make CMakeFiles/cmTryCompileExec950041539.dir/build]
  ignore line: [/usr/local/Cellar/cmake/2.8.12.2/bin/cmake -E cmake_progress_report /Users/jonas/Documents/code/uni/computer_graphics/OpenGLFramework/cmake_out/CMakeFiles/CMakeTmp/CMakeFiles 1]
  ignore line: [Building C object CMakeFiles/cmTryCompileExec950041539.dir/CMakeCCompilerABI.c.o]
  ignore line: [/usr/bin/cc    -o CMakeFiles/cmTryCompileExec950041539.dir/CMakeCCompilerABI.c.o   -c /usr/local/Cellar/cmake/2.8.12.2/share/cmake/Modules/CMakeCCompilerABI.c]
  ignore line: [Linking C executable cmTryCompileExec950041539]
  ignore line: [/usr/local/Cellar/cmake/2.8.12.2/bin/cmake -E cmake_link_script CMakeFiles/cmTryCompileExec950041539.dir/link.txt --verbose=1]
  ignore line: [/usr/bin/cc    -Wl,-search_paths_first -Wl,-headerpad_max_install_names -v -Wl,-v CMakeFiles/cmTryCompileExec950041539.dir/CMakeCCompilerABI.c.o  -o cmTryCompileExec950041539   ]
  ignore line: [Apple LLVM version 6.1.0 (clang-602.0.53) (based on LLVM 3.6.0svn)]
  ignore line: [Target: x86_64-apple-darwin14.3.0]
  ignore line: [Thread model: posix]
  link line: [ "/Applications/Xcode.app/Contents/Developer/Toolchains/XcodeDefault.xctoolchain/usr/bin/ld" -demangle -dynamic -arch x86_64 -macosx_version_min 10.10.0 -o cmTryCompileExec950041539 -search_paths_first -headerpad_max_install_names -v CMakeFiles/cmTryCompileExec950041539.dir/CMakeCCompilerABI.c.o -lSystem /Applications/Xcode.app/Contents/Developer/Toolchains/XcodeDefault.xctoolchain/usr/bin/../lib/clang/6.1.0/lib/darwin/libclang_rt.osx.a]
    arg [/Applications/Xcode.app/Contents/Developer/Toolchains/XcodeDefault.xctoolchain/usr/bin/ld] ==> ignore
    arg [-demangle] ==> ignore
    arg [-dynamic] ==> ignore
    arg [-arch] ==> ignore
    arg [x86_64] ==> ignore
    arg [-macosx_version_min] ==> ignore
    arg [10.10.0] ==> ignore
    arg [-o] ==> ignore
    arg [cmTryCompileExec950041539] ==> ignore
    arg [-search_paths_first] ==> ignore
    arg [-headerpad_max_install_names] ==> ignore
    arg [-v] ==> ignore
    arg [CMakeFiles/cmTryCompileExec950041539.dir/CMakeCCompilerABI.c.o] ==> ignore
    arg [-lSystem] ==> lib [System]
    arg [/Applications/Xcode.app/Contents/Developer/Toolchains/XcodeDefault.xctoolchain/usr/bin/../lib/clang/6.1.0/lib/darwin/libclang_rt.osx.a] ==> lib [/Applications/Xcode.app/Contents/Developer/Toolchains/XcodeDefault.xctoolchain/usr/bin/../lib/clang/6.1.0/lib/darwin/libclang_rt.osx.a]
  Library search paths: [;/usr/lib;/usr/local/lib]
  Framework search paths: [;/Library/Frameworks/;/System/Library/Frameworks/]
  remove lib [System]
  collapse lib [/Applications/Xcode.app/Contents/Developer/Toolchains/XcodeDefault.xctoolchain/usr/bin/../lib/clang/6.1.0/lib/darwin/libclang_rt.osx.a] ==> [/Applications/Xcode.app/Contents/Developer/Toolchains/XcodeDefault.xctoolchain/usr/lib/clang/6.1.0/lib/darwin/libclang_rt.osx.a]
  collapse library dir [/usr/lib] ==> [/usr/lib]
  collapse library dir [/usr/local/lib] ==> [/usr/local/lib]
  collapse framework dir [/Library/Frameworks/] ==> [/Library/Frameworks]
  collapse framework dir [/System/Library/Frameworks/] ==> [/System/Library/Frameworks]
  implicit libs: [/Applications/Xcode.app/Contents/Developer/Toolchains/XcodeDefault.xctoolchain/usr/lib/clang/6.1.0/lib/darwin/libclang_rt.osx.a]
  implicit dirs: [/usr/lib;/usr/local/lib]
  implicit fwks: [/Library/Frameworks;/System/Library/Frameworks]


Determining if the CXX compiler works passed with the following output:
Change Dir: /Users/jonas/Documents/code/uni/computer_graphics/OpenGLFramework/cmake_out/CMakeFiles/CMakeTmp

Run Build Command:/usr/bin/make "cmTryCompileExec695942458/fast"
/Applications/Xcode.app/Contents/Developer/usr/bin/make -f CMakeFiles/cmTryCompileExec695942458.dir/build.make CMakeFiles/cmTryCompileExec695942458.dir/build
/usr/local/Cellar/cmake/2.8.12.2/bin/cmake -E cmake_progress_report /Users/jonas/Documents/code/uni/computer_graphics/OpenGLFramework/cmake_out/CMakeFiles/CMakeTmp/CMakeFiles 1
Building CXX object CMakeFiles/cmTryCompileExec695942458.dir/testCXXCompiler.cxx.o
/usr/bin/c++     -o CMakeFiles/cmTryCompileExec695942458.dir/testCXXCompiler.cxx.o -c /Users/jonas/Documents/code/uni/computer_graphics/OpenGLFramework/cmake_out/CMakeFiles/CMakeTmp/testCXXCompiler.cxx
Linking CXX executable cmTryCompileExec695942458
/usr/local/Cellar/cmake/2.8.12.2/bin/cmake -E cmake_link_script CMakeFiles/cmTryCompileExec695942458.dir/link.txt --verbose=1
/usr/bin/c++     -Wl,-search_paths_first -Wl,-headerpad_max_install_names   CMakeFiles/cmTryCompileExec695942458.dir/testCXXCompiler.cxx.o  -o cmTryCompileExec695942458  


Detecting CXX compiler ABI info compiled with the following output:
Change Dir: /Users/jonas/Documents/code/uni/computer_graphics/OpenGLFramework/cmake_out/CMakeFiles/CMakeTmp

Run Build Command:/usr/bin/make "cmTryCompileExec2803902727/fast"
/Applications/Xcode.app/Contents/Developer/usr/bin/make -f CMakeFiles/cmTryCompileExec2803902727.dir/build.make CMakeFiles/cmTryCompileExec2803902727.dir/build
/usr/local/Cellar/cmake/2.8.12.2/bin/cmake -E cmake_progress_report /Users/jonas/Documents/code/uni/computer_graphics/OpenGLFramework/cmake_out/CMakeFiles/CMakeTmp/CMakeFiles 1
Building CXX object CMakeFiles/cmTryCompileExec2803902727.dir/CMakeCXXCompilerABI.cpp.o
/usr/bin/c++     -o CMakeFiles/cmTryCompileExec2803902727.dir/CMakeCXXCompilerABI.cpp.o -c /usr/local/Cellar/cmake/2.8.12.2/share/cmake/Modules/CMakeCXXCompilerABI.cpp
Linking CXX executable cmTryCompileExec2803902727
/usr/local/Cellar/cmake/2.8.12.2/bin/cmake -E cmake_link_script CMakeFiles/cmTryCompileExec2803902727.dir/link.txt --verbose=1
/usr/bin/c++     -Wl,-search_paths_first -Wl,-headerpad_max_install_names -v -Wl,-v CMakeFiles/cmTryCompileExec2803902727.dir/CMakeCXXCompilerABI.cpp.o  -o cmTryCompileExec2803902727   
Apple LLVM version 6.1.0 (clang-602.0.53) (based on LLVM 3.6.0svn)
Target: x86_64-apple-darwin14.3.0
Thread model: posix
 "/Applications/Xcode.app/Contents/Developer/Toolchains/XcodeDefault.xctoolchain/usr/bin/ld" -demangle -dynamic -arch x86_64 -macosx_version_min 10.10.0 -o cmTryCompileExec2803902727 -search_paths_first -headerpad_max_install_names -v CMakeFiles/cmTryCompileExec2803902727.dir/CMakeCXXCompilerABI.cpp.o -lc++ -lSystem /Applications/Xcode.app/Contents/Developer/Toolchains/XcodeDefault.xctoolchain/usr/bin/../lib/clang/6.1.0/lib/darwin/libclang_rt.osx.a
@(#)PROGRAM:ld  PROJECT:ld64-242
configured to support archs: armv6 armv7 armv7s arm64 i386 x86_64 x86_64h armv6m armv7m armv7em
Library search paths:
	/usr/lib
	/usr/local/lib
Framework search paths:
	/Library/Frameworks/
	/System/Library/Frameworks/


Parsed CXX implicit link information from above output:
  link line regex: [^( *|.*[/\])(ld|([^/\]+-)?ld|collect2)[^/\]*( |$)]
  ignore line: [Change Dir: /Users/jonas/Documents/code/uni/computer_graphics/OpenGLFramework/cmake_out/CMakeFiles/CMakeTmp]
  ignore line: []
  ignore line: [Run Build Command:/usr/bin/make "cmTryCompileExec2803902727/fast"]
  ignore line: [/Applications/Xcode.app/Contents/Developer/usr/bin/make -f CMakeFiles/cmTryCompileExec2803902727.dir/build.make CMakeFiles/cmTryCompileExec2803902727.dir/build]
  ignore line: [/usr/local/Cellar/cmake/2.8.12.2/bin/cmake -E cmake_progress_report /Users/jonas/Documents/code/uni/computer_graphics/OpenGLFramework/cmake_out/CMakeFiles/CMakeTmp/CMakeFiles 1]
  ignore line: [Building CXX object CMakeFiles/cmTryCompileExec2803902727.dir/CMakeCXXCompilerABI.cpp.o]
  ignore line: [/usr/bin/c++     -o CMakeFiles/cmTryCompileExec2803902727.dir/CMakeCXXCompilerABI.cpp.o -c /usr/local/Cellar/cmake/2.8.12.2/share/cmake/Modules/CMakeCXXCompilerABI.cpp]
  ignore line: [Linking CXX executable cmTryCompileExec2803902727]
  ignore line: [/usr/local/Cellar/cmake/2.8.12.2/bin/cmake -E cmake_link_script CMakeFiles/cmTryCompileExec2803902727.dir/link.txt --verbose=1]
  ignore line: [/usr/bin/c++     -Wl,-search_paths_first -Wl,-headerpad_max_install_names -v -Wl,-v CMakeFiles/cmTryCompileExec2803902727.dir/CMakeCXXCompilerABI.cpp.o  -o cmTryCompileExec2803902727   ]
  ignore line: [Apple LLVM version 6.1.0 (clang-602.0.53) (based on LLVM 3.6.0svn)]
  ignore line: [Target: x86_64-apple-darwin14.3.0]
  ignore line: [Thread model: posix]
  link line: [ "/Applications/Xcode.app/Contents/Developer/Toolchains/XcodeDefault.xctoolchain/usr/bin/ld" -demangle -dynamic -arch x86_64 -macosx_version_min 10.10.0 -o cmTryCompileExec2803902727 -search_paths_first -headerpad_max_install_names -v CMakeFiles/cmTryCompileExec2803902727.dir/CMakeCXXCompilerABI.cpp.o -lc++ -lSystem /Applications/Xcode.app/Contents/Developer/Toolchains/XcodeDefault.xctoolchain/usr/bin/../lib/clang/6.1.0/lib/darwin/libclang_rt.osx.a]
    arg [/Applications/Xcode.app/Contents/Developer/Toolchains/XcodeDefault.xctoolchain/usr/bin/ld] ==> ignore
    arg [-demangle] ==> ignore
    arg [-dynamic] ==> ignore
    arg [-arch] ==> ignore
    arg [x86_64] ==> ignore
    arg [-macosx_version_min] ==> ignore
    arg [10.10.0] ==> ignore
    arg [-o] ==> ignore
    arg [cmTryCompileExec2803902727] ==> ignore
    arg [-search_paths_first] ==> ignore
    arg [-headerpad_max_install_names] ==> ignore
    arg [-v] ==> ignore
    arg [CMakeFiles/cmTryCompileExec2803902727.dir/CMakeCXXCompilerABI.cpp.o] ==> ignore
    arg [-lc++] ==> lib [c++]
    arg [-lSystem] ==> lib [System]
    arg [/Applications/Xcode.app/Contents/Developer/Toolchains/XcodeDefault.xctoolchain/usr/bin/../lib/clang/6.1.0/lib/darwin/libclang_rt.osx.a] ==> lib [/Applications/Xcode.app/Contents/Developer/Toolchains/XcodeDefault.xctoolchain/usr/bin/../lib/clang/6.1.0/lib/darwin/libclang_rt.osx.a]
  Library search paths: [;/usr/lib;/usr/local/lib]
  Framework search paths: [;/Library/Frameworks/;/System/Library/Frameworks/]
  remove lib [System]
  collapse lib [/Applications/Xcode.app/Contents/Developer/Toolchains/XcodeDefault.xctoolchain/usr/bin/../lib/clang/6.1.0/lib/darwin/libclang_rt.osx.a] ==> [/Applications/Xcode.app/Contents/Developer/Toolchains/XcodeDefault.xctoolchain/usr/lib/clang/6.1.0/lib/darwin/libclang_rt.osx.a]
  collapse library dir [/usr/lib] ==> [/usr/lib]
  collapse library dir [/usr/local/lib] ==> [/usr/local/lib]
  collapse framework dir [/Library/Frameworks/] ==> [/Library/Frameworks]
  collapse framework dir [/System/Library/Frameworks/] ==> [/System/Library/Frameworks]
  implicit libs: [c++;/Applications/Xcode.app/Contents/Developer/Toolchains/XcodeDefault.xctoolchain/usr/lib/clang/6.1.0/lib/darwin/libclang_rt.osx.a]
  implicit dirs: [/usr/lib;/usr/local/lib]
  implicit fwks: [/Library/Frameworks;/System/Library/Frameworks]


Determining if files pthread.h exist passed with the following output:
Change Dir: /Users/jonas/Documents/code/uni/computer_graphics/OpenGLFramework/cmake_out/CMakeFiles/CMakeTmp

Run Build Command:/usr/bin/make "cmTryCompileExec4074745095/fast"
/Applications/Xcode.app/Contents/Developer/usr/bin/make -f CMakeFiles/cmTryCompileExec4074745095.dir/build.make CMakeFiles/cmTryCompileExec4074745095.dir/build
/usr/local/Cellar/cmake/2.8.12.2/bin/cmake -E cmake_progress_report /Users/jonas/Documents/code/uni/computer_graphics/OpenGLFramework/cmake_out/CMakeFiles/CMakeTmp/CMakeFiles 1
Building C object CMakeFiles/cmTryCompileExec4074745095.dir/CheckIncludeFiles.c.o
/usr/bin/cc    -o CMakeFiles/cmTryCompileExec4074745095.dir/CheckIncludeFiles.c.o   -c /Users/jonas/Documents/code/uni/computer_graphics/OpenGLFramework/cmake_out/CMakeFiles/CMakeTmp/CheckIncludeFiles.c
Linking C executable cmTryCompileExec4074745095
/usr/local/Cellar/cmake/2.8.12.2/bin/cmake -E cmake_link_script CMakeFiles/cmTryCompileExec4074745095.dir/link.txt --verbose=1
/usr/bin/cc    -Wl,-search_paths_first -Wl,-headerpad_max_install_names   CMakeFiles/cmTryCompileExec4074745095.dir/CheckIncludeFiles.c.o  -o cmTryCompileExec4074745095  


Determining if the pthread_create exist passed with the following output:
Change Dir: /Users/jonas/Documents/code/uni/computer_graphics/OpenGLFramework/cmake_out/CMakeFiles/CMakeTmp

Run Build Command:/usr/bin/make "cmTryCompileExec1838502873/fast"
/Applications/Xcode.app/Contents/Developer/usr/bin/make -f CMakeFiles/cmTryCompileExec1838502873.dir/build.make CMakeFiles/cmTryCompileExec1838502873.dir/build
/usr/local/Cellar/cmake/2.8.12.2/bin/cmake -E cmake_progress_report /Users/jonas/Documents/code/uni/computer_graphics/OpenGLFramework/cmake_out/CMakeFiles/CMakeTmp/CMakeFiles 1
Building C object CMakeFiles/cmTryCompileExec1838502873.dir/CheckSymbolExists.c.o
/usr/bin/cc    -o CMakeFiles/cmTryCompileExec1838502873.dir/CheckSymbolExists.c.o   -c /Users/jonas/Documents/code/uni/computer_graphics/OpenGLFramework/cmake_out/CMakeFiles/CMakeTmp/CheckSymbolExists.c
Linking C executable cmTryCompileExec1838502873
/usr/local/Cellar/cmake/2.8.12.2/bin/cmake -E cmake_link_script CMakeFiles/cmTryCompileExec1838502873.dir/link.txt --verbose=1
/usr/bin/cc    -Wl,-search_paths_first -Wl,-headerpad_max_install_names   CMakeFiles/cmTryCompileExec1838502873.dir/CheckSymbolExists.c.o  -o cmTryCompileExec1838502873  

File /Users/jonas/Documents/code/uni/computer_graphics/OpenGLFramework/cmake_out/CMakeFiles/CMakeTmp/CheckSymbolExists.c:
/* */
#include <pthread.h>

int main(int argc, char** argv)
{
  (void)argv;
#ifndef pthread_create
  return ((int*)(&pthread_create))[argc];
#else
  (void)argc;
  return 0;
#endif
}

